<?xml version="1.0" encoding="UTF-8"?>
<testng-results ignored="0" total="1" passed="1" failed="0" skipped="0">
  <reporter-output>
  </reporter-output>
  <suite started-at="2025-12-17T10:28:16 IST" name="Suite" finished-at="2025-12-17T10:28:27 IST" duration-ms="11325">
    <groups>
    </groups>
    <test started-at="2025-12-17T10:28:16 IST" name="Test" finished-at="2025-12-17T10:28:27 IST" duration-ms="11325">
      <class name="TestCases.TC_001Registration">
        <test-method is-config="true" signature="setup()[pri:0, instance:TestCases.TC_001Registration@78e117e3]" started-at="2025-12-17T10:28:16 IST" name="setup" finished-at="2025-12-17T10:28:24 IST" duration-ms="7670" status="PASS">
          <reporter-output>
          </reporter-output>
        </test-method> <!-- setup -->
        <test-method signature="m1()[pri:0, instance:TestCases.TC_001Registration@78e117e3]" started-at="2025-12-17T10:28:24 IST" name="m1" finished-at="2025-12-17T10:28:24 IST" duration-ms="299" status="PASS">
          <reporter-output>
          </reporter-output>
        </test-method> <!-- m1 -->
        <test-method is-config="true" signature="teardown()[pri:0, instance:TestCases.TC_001Registration@78e117e3]" started-at="2025-12-17T10:28:24 IST" name="teardown" finished-at="2025-12-17T10:28:27 IST" duration-ms="3318" status="PASS">
          <reporter-output>
          </reporter-output>
        </test-method> <!-- teardown -->
      </class> <!-- TestCases.TC_001Registration -->
    </test> <!-- Test -->
  </suite> <!-- Suite -->
</testng-results>
